<?xml version="1.0" encoding="UTF-8"?>
<testng-results total="1" passed="1" failed="0" skipped="0">
  <reporter-output>
  </reporter-output>
  <suite started-at="2020-11-23T15:24:07Z" name="Default suite" finished-at="2020-11-23T15:24:07Z" duration-ms="32">
    <groups>
    </groups>
    <test started-at="2020-11-23T15:24:07Z" name="Default test" finished-at="2020-11-23T15:24:07Z" duration-ms="32">
      <class name="cmdTest.AppTest">
        <test-method signature="shouldAnswerWithTrue()[pri:0, instance:cmdTest.AppTest@6692b6c6]" started-at="2020-11-23T20:54:07Z" name="shouldAnswerWithTrue" finished-at="2020-11-23T20:54:07Z" duration-ms="16" status="PASS">
          <reporter-output>
          </reporter-output>
        </test-method> <!-- shouldAnswerWithTrue -->
      </class> <!-- cmdTest.AppTest -->
    </test> <!-- Default test -->
  </suite> <!-- Default suite -->
</testng-results>
