<?xml version="1.0" encoding="UTF-8"?>
<testng-results total="1" passed="1" failed="0" skipped="0">
  <reporter-output>
  </reporter-output>
  <suite started-at="2020-11-27T07:46:25Z" name="Surefire suite" finished-at="2020-11-27T07:46:26Z" duration-ms="38">
    <groups>
    </groups>
    <test started-at="2020-11-27T07:46:25Z" name="Surefire test" finished-at="2020-11-27T07:46:26Z" duration-ms="38">
      <class name="child2.AppTest">
        <test-method signature="child2()[pri:0, instance:child2(child2.AppTest)]" started-at="2020-11-27T13:16:26Z" name="child2" finished-at="2020-11-27T13:16:26Z" duration-ms="2" status="PASS">
          <reporter-output>
          </reporter-output>
        </test-method> <!-- child2 -->
      </class> <!-- child2.AppTest -->
    </test> <!-- Surefire test -->
  </suite> <!-- Surefire suite -->
</testng-results>
