<?xml version="1.0" encoding="UTF-8"?>
<testng-results total="2" passed="2" failed="0" skipped="0">
  <reporter-output>
  </reporter-output>
  <suite started-at="2020-11-27T07:46:24Z" name="Surefire suite" finished-at="2020-11-27T07:46:24Z" duration-ms="15">
    <groups>
    </groups>
    <test started-at="2020-11-27T07:46:24Z" name="Surefire test" finished-at="2020-11-27T07:46:24Z" duration-ms="15">
      <class name="child1.AppTest">
        <test-method signature="child1()[pri:0, instance:child1.AppTest@68999068]" started-at="2020-11-27T13:16:24Z" name="child1" finished-at="2020-11-27T13:16:24Z" duration-ms="6" status="PASS">
          <reporter-output>
          </reporter-output>
        </test-method> <!-- child1 -->
        <test-method signature="childA()[pri:0, instance:child1.AppTest@68999068]" started-at="2020-11-27T13:16:24Z" name="childA" finished-at="2020-11-27T13:16:24Z" duration-ms="1" status="PASS">
          <reporter-output>
          </reporter-output>
        </test-method> <!-- childA -->
      </class> <!-- child1.AppTest -->
    </test> <!-- Surefire test -->
  </suite> <!-- Surefire suite -->
</testng-results>
